2016-03-08 09:35:52,935 [Worker-0] INFO  o.e.m.c.i.e.AbstractTransferListenerAdapter - Downloading https://repo.maven.apache.org/maven2/org/apache/maven/plugins/maven-clean-plugin/2.5/maven-clean-plugin-2.5.jar
2016-03-08 09:35:53,044 [Worker-0] INFO  o.e.m.c.i.e.AbstractTransferListenerAdapter - Downloaded https://repo.maven.apache.org/maven2/org/apache/maven/plugins/maven-clean-plugin/2.5/maven-clean-plugin-2.5.jar
2016-03-08 09:35:53,873 [Worker-0] INFO  o.e.m.c.i.e.AbstractTransferListenerAdapter - Downloading https://repo.maven.apache.org/maven2/org/apache/maven/plugins/maven-surefire-plugin/2.12.4/maven-surefire-plugin-2.12.4.jar
2016-03-08 09:35:54,201 [Worker-0] INFO  o.e.m.c.i.e.AbstractTransferListenerAdapter - Downloaded https://repo.maven.apache.org/maven2/org/apache/maven/plugins/maven-surefire-plugin/2.12.4/maven-surefire-plugin-2.12.4.jar
2016-03-08 09:35:54,560 [Worker-0] INFO  o.e.m.c.i.e.AbstractTransferListenerAdapter - Downloading https://repo.maven.apache.org/maven2/org/apache/maven/plugins/maven-jar-plugin/2.4/maven-jar-plugin-2.4.jar
2016-03-08 09:35:54,841 [Worker-0] INFO  o.e.m.c.i.e.AbstractTransferListenerAdapter - Downloaded https://repo.maven.apache.org/maven2/org/apache/maven/plugins/maven-jar-plugin/2.4/maven-jar-plugin-2.4.jar
2016-03-08 09:35:55,044 [Worker-0] INFO  o.e.m.c.i.e.AbstractTransferListenerAdapter - Downloading https://repo.maven.apache.org/maven2/org/apache/maven/plugins/maven-install-plugin/2.4/maven-install-plugin-2.4.jar
2016-03-08 09:35:55,201 [Worker-0] INFO  o.e.m.c.i.e.AbstractTransferListenerAdapter - Downloaded https://repo.maven.apache.org/maven2/org/apache/maven/plugins/maven-install-plugin/2.4/maven-install-plugin-2.4.jar
2016-03-08 09:35:55,623 [Worker-0] INFO  o.e.m.c.i.e.AbstractTransferListenerAdapter - Downloading https://repo.maven.apache.org/maven2/org/apache/maven/plugins/maven-site-plugin/3.3/maven-site-plugin-3.3.jar
2016-03-08 09:35:56,185 [Worker-0] INFO  o.e.m.c.i.e.AbstractTransferListenerAdapter - Downloaded https://repo.maven.apache.org/maven2/org/apache/maven/plugins/maven-site-plugin/3.3/maven-site-plugin-3.3.jar
2016-03-08 09:36:05,498 [Worker-0] INFO  o.e.m.c.i.l.LifecycleMappingFactory - Using org.eclipse.m2e.jdt.JarLifecycleMapping lifecycle mapping for MavenProject: com.example.testowanie:unittestdemo:0.0.1-SNAPSHOT @ D:\moje rzeczy\junit\JunitTest\lab02\unittestdemo\pom.xml.
2016-03-08 09:36:06,607 [Worker-0] INFO  o.e.m.j.i.AbstractJavaProjectConfigurator - Adding source folder /unittestdemo/src/main/java
2016-03-08 09:36:06,607 [Worker-0] INFO  o.e.m.j.i.AbstractJavaProjectConfigurator - Adding resource folder /unittestdemo/src/main/resources
2016-03-08 09:36:06,607 [Worker-0] INFO  o.e.m.j.i.AbstractJavaProjectConfigurator - Adding source folder /unittestdemo/src/test/java
2016-03-08 09:36:06,607 [Worker-0] INFO  o.e.m.j.i.AbstractJavaProjectConfigurator - Adding resource folder /unittestdemo/src/test/resources
2016-03-08 09:36:10,217 [Worker-5] WARN  o.e.m.c.i.embedder.EclipseLogger - Using platform encoding (Cp1250 actually) to copy filtered resources, i.e. build is platform dependent!
2016-03-08 09:36:10,232 [Worker-5] INFO  o.e.m.c.i.embedder.EclipseLogger - Copying 0 resource
2016-03-08 09:36:10,232 [Worker-5] WARN  o.e.m.c.i.embedder.EclipseLogger - Using platform encoding (Cp1250 actually) to copy filtered resources, i.e. build is platform dependent!
2016-03-08 09:36:10,232 [Worker-5] INFO  o.e.m.c.i.embedder.EclipseLogger - Copying 0 resource
2016-03-08 09:40:39,783 [Worker-8] INFO  o.e.m.c.i.l.LifecycleMappingFactory - Using org.eclipse.m2e.jdt.JarLifecycleMapping lifecycle mapping for MavenProject: com.example.testowanie:unittestdemo:0.0.1-SNAPSHOT @ D:\moje rzeczy\junit\JunitTest\lab02\unittestdemo\pom.xml.
2016-03-08 09:40:59,290 [Worker-8] INFO  o.e.m.c.i.l.LifecycleMappingFactory - Using org.eclipse.m2e.jdt.JarLifecycleMapping lifecycle mapping for MavenProject: com.example.testowanie:unittestdemo:0.0.1-SNAPSHOT @ D:\moje rzeczy\junit\JunitTest\lab02\unittestdemo\pom.xml.
2016-03-08 09:41:06,740 [Worker-14] INFO  o.e.m.c.i.l.LifecycleMappingFactory - Using org.eclipse.m2e.jdt.JarLifecycleMapping lifecycle mapping for MavenProject: com.example.testowanie:unittestdemo:0.0.1-SNAPSHOT @ D:\moje rzeczy\junit\JunitTest\lab02\unittestdemo\pom.xml.
2016-03-08 09:41:27,701 [Worker-0] INFO  o.e.m.c.i.l.LifecycleMappingFactory - Using org.eclipse.m2e.jdt.JarLifecycleMapping lifecycle mapping for MavenProject: com.example.testowanie:unittestdemo:0.0.1-SNAPSHOT @ D:\moje rzeczy\junit\JunitTest\lab02\unittestdemo\pom.xml.
2016-03-08 09:41:27,962 [Worker-0] WARN  o.e.m.c.i.embedder.EclipseLogger - Using platform encoding (Cp1250 actually) to copy filtered resources, i.e. build is platform dependent!
2016-03-08 09:41:27,964 [Worker-0] INFO  o.e.m.c.i.embedder.EclipseLogger - Copying 0 resource
2016-03-08 09:41:27,966 [Worker-0] WARN  o.e.m.c.i.embedder.EclipseLogger - Using platform encoding (Cp1250 actually) to copy filtered resources, i.e. build is platform dependent!
2016-03-08 09:41:27,967 [Worker-0] INFO  o.e.m.c.i.embedder.EclipseLogger - Copying 0 resource
2016-03-08 09:43:08,767 [Worker-0] WARN  o.e.m.c.i.embedder.EclipseLogger - Using platform encoding (Cp1250 actually) to copy filtered resources, i.e. build is platform dependent!
2016-03-08 09:43:08,767 [Worker-0] INFO  o.e.m.c.i.embedder.EclipseLogger - Copying 0 resource
2016-03-08 09:43:08,782 [Worker-0] WARN  o.e.m.c.i.embedder.EclipseLogger - Using platform encoding (Cp1250 actually) to copy filtered resources, i.e. build is platform dependent!
2016-03-08 09:43:08,782 [Worker-0] INFO  o.e.m.c.i.embedder.EclipseLogger - Copying 0 resource
2016-03-08 09:43:09,809 [Worker-15] WARN  o.e.m.c.i.embedder.EclipseLogger - Using platform encoding (Cp1250 actually) to copy filtered resources, i.e. build is platform dependent!
2016-03-08 09:43:09,809 [Worker-15] INFO  o.e.m.c.i.embedder.EclipseLogger - Copying 0 resource
2016-03-08 09:43:09,809 [Worker-15] WARN  o.e.m.c.i.embedder.EclipseLogger - Using platform encoding (Cp1250 actually) to copy filtered resources, i.e. build is platform dependent!
2016-03-08 09:43:09,809 [Worker-15] INFO  o.e.m.c.i.embedder.EclipseLogger - Copying 0 resource
2016-03-08 09:44:50,557 [Worker-15] WARN  o.e.m.c.i.embedder.EclipseLogger - Using platform encoding (Cp1250 actually) to copy filtered resources, i.e. build is platform dependent!
2016-03-08 09:44:50,558 [Worker-15] INFO  o.e.m.c.i.embedder.EclipseLogger - Copying 0 resource
2016-03-08 09:44:50,559 [Worker-15] WARN  o.e.m.c.i.embedder.EclipseLogger - Using platform encoding (Cp1250 actually) to copy filtered resources, i.e. build is platform dependent!
2016-03-08 09:44:50,560 [Worker-15] INFO  o.e.m.c.i.embedder.EclipseLogger - Copying 0 resource
2016-03-08 09:45:34,237 [Worker-1] WARN  o.e.m.c.i.embedder.EclipseLogger - Using platform encoding (Cp1250 actually) to copy filtered resources, i.e. build is platform dependent!
2016-03-08 09:45:34,237 [Worker-1] INFO  o.e.m.c.i.embedder.EclipseLogger - Copying 0 resource
2016-03-08 09:45:34,237 [Worker-1] WARN  o.e.m.c.i.embedder.EclipseLogger - Using platform encoding (Cp1250 actually) to copy filtered resources, i.e. build is platform dependent!
2016-03-08 09:45:34,237 [Worker-1] INFO  o.e.m.c.i.embedder.EclipseLogger - Copying 0 resource
2016-03-08 09:46:55,280 [Worker-17] WARN  o.e.m.c.i.embedder.EclipseLogger - Using platform encoding (Cp1250 actually) to copy filtered resources, i.e. build is platform dependent!
2016-03-08 09:46:55,280 [Worker-17] INFO  o.e.m.c.i.embedder.EclipseLogger - Copying 0 resource
2016-03-08 09:46:55,280 [Worker-17] WARN  o.e.m.c.i.embedder.EclipseLogger - Using platform encoding (Cp1250 actually) to copy filtered resources, i.e. build is platform dependent!
2016-03-08 09:46:55,295 [Worker-17] INFO  o.e.m.c.i.embedder.EclipseLogger - Copying 0 resource
2016-03-08 09:47:57,251 [Worker-16] WARN  o.e.m.c.i.embedder.EclipseLogger - Using platform encoding (Cp1250 actually) to copy filtered resources, i.e. build is platform dependent!
2016-03-08 09:47:57,251 [Worker-16] INFO  o.e.m.c.i.embedder.EclipseLogger - Copying 0 resource
2016-03-08 09:47:57,267 [Worker-16] WARN  o.e.m.c.i.embedder.EclipseLogger - Using platform encoding (Cp1250 actually) to copy filtered resources, i.e. build is platform dependent!
2016-03-08 09:47:57,267 [Worker-16] INFO  o.e.m.c.i.embedder.EclipseLogger - Copying 0 resource
2016-03-08 09:50:38,483 [Worker-14] INFO  o.e.m.i.launch.MavenLaunchDelegate - D:\moje rzeczy\junit\JunitTest\lab02\unittestdemo
2016-03-08 09:50:38,483 [Worker-14] INFO  o.e.m.i.launch.MavenLaunchDelegate -  mvn  -B test
2016-03-08 09:50:41,476 [main] INFO  c.g.t.t.d.PublishedGradleVersions - Gradle version information cache file is not out-of-date. No remote download required.
2016-03-08 09:50:44,134 [Worker-0] WARN  o.e.m.c.i.embedder.EclipseLogger - Using platform encoding (Cp1250 actually) to copy filtered resources, i.e. build is platform dependent!
2016-03-08 09:50:44,134 [Worker-0] INFO  o.e.m.c.i.embedder.EclipseLogger - Copying 0 resource
2016-03-08 09:50:44,134 [Worker-0] WARN  o.e.m.c.i.embedder.EclipseLogger - Using platform encoding (Cp1250 actually) to copy filtered resources, i.e. build is platform dependent!
2016-03-08 09:50:44,150 [Worker-0] INFO  o.e.m.c.i.embedder.EclipseLogger - Copying 0 resource
